<?xml version="1.0" encoding="UTF-8"?>
<robot generator="Robot 5.0.1 (Python 3.8.0 on win32)" generated="20220709 13:15:45.089" rpa="false" schemaversion="3">
<suite id="s1" name="Tests" source="D:\RobotFramework\Tests">
<suite id="s1-s1" name="testDemo5" source="D:\RobotFramework\Tests\testDemo5.robot">
<test id="s1-s1-t1" name="Validate invalid successful login into the application" line="20">
<kw name="Open the browser with the Payment URL" library="resource" type="SETUP">
<kw name="Create Webdriver" library="SeleniumLibrary">
<arg>Chrome</arg>
<arg>executable_path=D:/rbdrivers/chromedriver.exe</arg>
<doc>Creates an instance of Selenium WebDriver.</doc>
<msg timestamp="20220709 13:15:45.437" level="INFO">Creating an instance of the Chrome WebDriver.</msg>
<status status="PASS" starttime="20220709 13:15:45.437" endtime="20220709 13:15:48.826"/>
</kw>
<kw name="Go To" library="SeleniumLibrary">
<arg>https://rahulshettyacademy.com/loginpagePractise/</arg>
<doc>Navigates the current browser window to the provided ``url``.</doc>
<msg timestamp="20220709 13:15:48.829" level="INFO">Opening url 'https://rahulshettyacademy.com/loginpagePractise/'</msg>
<status status="PASS" starttime="20220709 13:15:48.827" endtime="20220709 13:15:52.588"/>
</kw>
<status status="PASS" starttime="20220709 13:15:45.436" endtime="20220709 13:15:52.589"/>
</kw>
<kw name="Fill the login form">
<arg>${user_name}</arg>
<arg>${password_invalid}</arg>
<kw name="Input Text" library="SeleniumLibrary">
<arg>id:username</arg>
<arg>${username}</arg>
<doc>Types the given ``text`` into the text field identified by ``locator``.</doc>
<msg timestamp="20220709 13:15:52.596" level="INFO">Typing text 'rahulshettyacademy' into text field 'id:username'.</msg>
<status status="PASS" starttime="20220709 13:15:52.594" endtime="20220709 13:15:55.232"/>
</kw>
<kw name="Input Text" library="SeleniumLibrary">
<arg>id:password</arg>
<arg>${password}</arg>
<doc>Types the given ``text`` into the text field identified by ``locator``.</doc>
<msg timestamp="20220709 13:15:55.237" level="INFO">Typing text '1234587' into text field 'id:password'.</msg>
<status status="PASS" starttime="20220709 13:15:55.234" endtime="20220709 13:15:59.683"/>
</kw>
<kw name="Click Button" library="SeleniumLibrary">
<arg>signInBtn</arg>
<doc>Clicks the button identified by ``locator``.</doc>
<msg timestamp="20220709 13:15:59.688" level="INFO">Clicking button 'signInBtn'.</msg>
<status status="PASS" starttime="20220709 13:15:59.685" endtime="20220709 13:16:02.744"/>
</kw>
<status status="PASS" starttime="20220709 13:15:52.589" endtime="20220709 13:16:02.746"/>
</kw>
<kw name="Wait for the error message is displayed">
<kw name="Wait Until Element Is Visible" library="SeleniumLibrary">
<arg>${error_message_login}</arg>
<doc>Waits until the element ``locator`` is visible.</doc>
<status status="PASS" starttime="20220709 13:16:02.749" endtime="20220709 13:16:04.918"/>
</kw>
<kw name="Get Text" library="SeleniumLibrary">
<var>${result}</var>
<arg>${error_message_login}</arg>
<doc>Returns the text value of the element identified by ``locator``.</doc>
<msg timestamp="20220709 13:16:05.158" level="INFO">${result} = Incorrect username/password.</msg>
<status status="PASS" starttime="20220709 13:16:04.918" endtime="20220709 13:16:05.159"/>
</kw>
<kw name="Should Be Equal As Strings" library="BuiltIn">
<arg>${result}</arg>
<arg>${message_login}</arg>
<doc>Fails if objects are unequal after converting them to strings.</doc>
<status status="PASS" starttime="20220709 13:16:05.160" endtime="20220709 13:16:05.162"/>
</kw>
<status status="PASS" starttime="20220709 13:16:02.746" endtime="20220709 13:16:05.163"/>
</kw>
<status status="PASS" starttime="20220709 13:15:45.434" endtime="20220709 13:16:05.164"/>
</test>
<test id="s1-s1-t2" name="Validate Cards display in the shopping Page" line="24">
<kw name="Open the browser with the Payment URL" library="resource" type="SETUP">
<kw name="Create Webdriver" library="SeleniumLibrary">
<arg>Chrome</arg>
<arg>executable_path=D:/rbdrivers/chromedriver.exe</arg>
<doc>Creates an instance of Selenium WebDriver.</doc>
<msg timestamp="20220709 13:16:05.179" level="INFO">Creating an instance of the Chrome WebDriver.</msg>
<status status="PASS" starttime="20220709 13:16:05.177" endtime="20220709 13:16:14.415"/>
</kw>
<kw name="Go To" library="SeleniumLibrary">
<arg>https://rahulshettyacademy.com/loginpagePractise/</arg>
<doc>Navigates the current browser window to the provided ``url``.</doc>
<msg timestamp="20220709 13:16:14.419" level="INFO">Opening url 'https://rahulshettyacademy.com/loginpagePractise/'</msg>
<status status="PASS" starttime="20220709 13:16:14.418" endtime="20220709 13:16:17.472"/>
</kw>
<status status="PASS" starttime="20220709 13:16:05.170" endtime="20220709 13:16:17.473"/>
</kw>
<kw name="Fill the login form">
<arg>${user_name}</arg>
<arg>${valid_password}</arg>
<kw name="Input Text" library="SeleniumLibrary">
<arg>id:username</arg>
<arg>${username}</arg>
<doc>Types the given ``text`` into the text field identified by ``locator``.</doc>
<msg timestamp="20220709 13:16:17.479" level="INFO">Typing text 'rahulshettyacademy' into text field 'id:username'.</msg>
<status status="PASS" starttime="20220709 13:16:17.477" endtime="20220709 13:16:19.111"/>
</kw>
<kw name="Input Text" library="SeleniumLibrary">
<arg>id:password</arg>
<arg>${password}</arg>
<doc>Types the given ``text`` into the text field identified by ``locator``.</doc>
<msg timestamp="20220709 13:16:19.119" level="INFO">Typing text 'learning' into text field 'id:password'.</msg>
<status status="PASS" starttime="20220709 13:16:19.113" endtime="20220709 13:16:20.909"/>
</kw>
<kw name="Click Button" library="SeleniumLibrary">
<arg>signInBtn</arg>
<doc>Clicks the button identified by ``locator``.</doc>
<msg timestamp="20220709 13:16:20.911" level="INFO">Clicking button 'signInBtn'.</msg>
<status status="PASS" starttime="20220709 13:16:20.910" endtime="20220709 13:16:22.442"/>
</kw>
<status status="PASS" starttime="20220709 13:16:17.474" endtime="20220709 13:16:22.444"/>
</kw>
<kw name="Wait for the checkout message is displayed">
<arg>${nav_tes}</arg>
<kw name="Wait Until Element Is Visible" library="SeleniumLibrary">
<arg>${nav_tes}</arg>
<doc>Waits until the element ``locator`` is visible.</doc>
<status status="PASS" starttime="20220709 13:16:22.448" endtime="20220709 13:16:27.187"/>
</kw>
<kw name="Get Text" library="SeleniumLibrary">
<var>${result}</var>
<arg>${nav_tes}</arg>
<doc>Returns the text value of the element identified by ``locator``.</doc>
<msg timestamp="20220709 13:16:27.392" level="INFO">${result} = Home</msg>
<status status="PASS" starttime="20220709 13:16:27.188" endtime="20220709 13:16:27.392"/>
</kw>
<status status="PASS" starttime="20220709 13:16:22.445" endtime="20220709 13:16:27.393"/>
</kw>
<kw name="Verify the card details present in the shopping page">
<kw name="Create List" library="BuiltIn">
<var>@{expected_list}</var>
<arg>iphone X</arg>
<arg>Samsung Note 8</arg>
<arg>Nokia Edge</arg>
<arg>Blackberry</arg>
<doc>Returns a list containing given items.</doc>
<msg timestamp="20220709 13:16:27.400" level="INFO">@{expected_list} = [ iphone X | Samsung Note 8 | Nokia Edge | Blackberry ]</msg>
<status status="PASS" starttime="20220709 13:16:27.398" endtime="20220709 13:16:27.401"/>
</kw>
<kw name="Get WebElements" library="SeleniumLibrary">
<var>${result}</var>
<arg>css:.card-title</arg>
<doc>Returns a list of WebElement objects matching the ``locator``.</doc>
<msg timestamp="20220709 13:16:27.440" level="INFO">${result} = [&lt;selenium.webdriver.remote.webelement.WebElement (session="e4db6be44b39f134112a97f1830debd9", element="51efe0ca-4279-40f1-a023-724ca19dc326")&gt;, &lt;selenium.webdriver.remote.webelement.WebElement (sessi...</msg>
<status status="PASS" starttime="20220709 13:16:27.402" endtime="20220709 13:16:27.441"/>
</kw>
<kw name="Create List" library="BuiltIn">
<var>@{actual_list}</var>
<doc>Returns a list containing given items.</doc>
<msg timestamp="20220709 13:16:27.443" level="INFO">@{actual_list} = [ ]</msg>
<status status="PASS" starttime="20220709 13:16:27.442" endtime="20220709 13:16:27.444"/>
</kw>
<for flavor="IN">
<var>${element}</var>
<value>@{result}</value>
<iter>
<var name="${element}">&lt;selenium.webdriver.remote.webelement.WebElement (session="e4db6be44b39f134112a97f1830debd9", element="51efe0ca-4279-40f1-a023-724ca19dc326")&gt;</var>
<kw name="Log" library="BuiltIn">
<arg>${element.text}</arg>
<doc>Logs the given message with the given level.</doc>
<msg timestamp="20220709 13:16:27.523" level="INFO">iphone X</msg>
<status status="PASS" starttime="20220709 13:16:27.449" endtime="20220709 13:16:27.524"/>
</kw>
<kw name="Append To List" library="Collections">
<arg>${actual_list}</arg>
<arg>${element.text}</arg>
<doc>Adds ``values`` to the end of ``list``.</doc>
<status status="PASS" starttime="20220709 13:16:27.524" endtime="20220709 13:16:27.571"/>
</kw>
<status status="PASS" starttime="20220709 13:16:27.448" endtime="20220709 13:16:27.572"/>
</iter>
<iter>
<var name="${element}">&lt;selenium.webdriver.remote.webelement.WebElement (session="e4db6be44b39f134112a97f1830debd9", element="5c918785-e301-4c93-8da1-509fccdd6c51")&gt;</var>
<kw name="Log" library="BuiltIn">
<arg>${element.text}</arg>
<doc>Logs the given message with the given level.</doc>
<msg timestamp="20220709 13:16:27.892" level="INFO">Samsung Note 8</msg>
<status status="PASS" starttime="20220709 13:16:27.573" endtime="20220709 13:16:27.892"/>
</kw>
<kw name="Append To List" library="Collections">
<arg>${actual_list}</arg>
<arg>${element.text}</arg>
<doc>Adds ``values`` to the end of ``list``.</doc>
<status status="PASS" starttime="20220709 13:16:27.894" endtime="20220709 13:16:28.138"/>
</kw>
<status status="PASS" starttime="20220709 13:16:27.572" endtime="20220709 13:16:28.138"/>
</iter>
<iter>
<var name="${element}">&lt;selenium.webdriver.remote.webelement.WebElement (session="e4db6be44b39f134112a97f1830debd9", element="90759b0a-07fb-4e29-bfc3-8fc17e933eb4")&gt;</var>
<kw name="Log" library="BuiltIn">
<arg>${element.text}</arg>
<doc>Logs the given message with the given level.</doc>
<msg timestamp="20220709 13:16:28.196" level="INFO">Nokia Edge</msg>
<status status="PASS" starttime="20220709 13:16:28.140" endtime="20220709 13:16:28.196"/>
</kw>
<kw name="Append To List" library="Collections">
<arg>${actual_list}</arg>
<arg>${element.text}</arg>
<doc>Adds ``values`` to the end of ``list``.</doc>
<status status="PASS" starttime="20220709 13:16:28.197" endtime="20220709 13:16:28.231"/>
</kw>
<status status="PASS" starttime="20220709 13:16:28.139" endtime="20220709 13:16:28.231"/>
</iter>
<iter>
<var name="${element}">&lt;selenium.webdriver.remote.webelement.WebElement (session="e4db6be44b39f134112a97f1830debd9", element="67fe7204-d19f-49df-8ab3-808f9f975c27")&gt;</var>
<kw name="Log" library="BuiltIn">
<arg>${element.text}</arg>
<doc>Logs the given message with the given level.</doc>
<msg timestamp="20220709 13:16:28.292" level="INFO">Blackberry</msg>
<status status="PASS" starttime="20220709 13:16:28.233" endtime="20220709 13:16:28.293"/>
</kw>
<kw name="Append To List" library="Collections">
<arg>${actual_list}</arg>
<arg>${element.text}</arg>
<doc>Adds ``values`` to the end of ``list``.</doc>
<status status="PASS" starttime="20220709 13:16:28.294" endtime="20220709 13:16:28.321"/>
</kw>
<status status="PASS" starttime="20220709 13:16:28.232" endtime="20220709 13:16:28.322"/>
</iter>
<status status="PASS" starttime="20220709 13:16:27.444" endtime="20220709 13:16:28.322"/>
</for>
<kw name="Log" library="BuiltIn">
<arg>${actual_list}</arg>
<doc>Logs the given message with the given level.</doc>
<msg timestamp="20220709 13:16:28.324" level="INFO">['iphone X', 'Samsung Note 8', 'Nokia Edge', 'Blackberry']</msg>
<status status="PASS" starttime="20220709 13:16:28.323" endtime="20220709 13:16:28.325"/>
</kw>
<kw name="List Should Contain Sub List" library="Collections">
<arg>${expected_list}</arg>
<arg>${actual_list}</arg>
<doc>Fails if not all of the elements in ``list2`` are found in ``list1``.</doc>
<status status="PASS" starttime="20220709 13:16:28.326" endtime="20220709 13:16:28.329"/>
</kw>
<status status="PASS" starttime="20220709 13:16:27.395" endtime="20220709 13:16:28.331"/>
</kw>
<kw name="Click on some card details on Shopping Page">
<arg>${productList}</arg>
<kw name="Items To Be Added" library="Test">
<arg>${productList}</arg>
<msg timestamp="20220709 13:16:29.849" level="INFO">Clicking button 'xpath:(//*[@class='card-footer'])[3]/button'.</msg>
<msg timestamp="20220709 13:16:30.170" level="INFO">Clicking button 'xpath:(//*[@class='card-footer'])[4]/button'.</msg>
<status status="PASS" starttime="20220709 13:16:28.333" endtime="20220709 13:16:30.556"/>
</kw>
<status status="PASS" starttime="20220709 13:16:28.331" endtime="20220709 13:16:30.557"/>
</kw>
<status status="PASS" starttime="20220709 13:16:05.167" endtime="20220709 13:16:30.558"/>
</test>
<test id="s1-s1-t3" name="Navigate to the URl and navigate to child window" line="30">
<kw name="Open the browser with the Payment URL" library="resource" type="SETUP">
<kw name="Create Webdriver" library="SeleniumLibrary">
<arg>Chrome</arg>
<arg>executable_path=D:/rbdrivers/chromedriver.exe</arg>
<doc>Creates an instance of Selenium WebDriver.</doc>
<msg timestamp="20220709 13:16:30.565" level="INFO">Creating an instance of the Chrome WebDriver.</msg>
<status status="PASS" starttime="20220709 13:16:30.564" endtime="20220709 13:16:34.555"/>
</kw>
<kw name="Go To" library="SeleniumLibrary">
<arg>https://rahulshettyacademy.com/loginpagePractise/</arg>
<doc>Navigates the current browser window to the provided ``url``.</doc>
<msg timestamp="20220709 13:16:34.557" level="INFO">Opening url 'https://rahulshettyacademy.com/loginpagePractise/'</msg>
<status status="PASS" starttime="20220709 13:16:34.555" endtime="20220709 13:16:37.910"/>
</kw>
<status status="PASS" starttime="20220709 13:16:30.562" endtime="20220709 13:16:37.911"/>
</kw>
<kw name="Do fill the form with user selection type as &quot;User&quot; and click on the URl provided on the Page">
<kw name="Input Text" library="SeleniumLibrary">
<arg>id:username</arg>
<arg>krishnakamakshi</arg>
<doc>Types the given ``text`` into the text field identified by ``locator``.</doc>
<msg timestamp="20220709 13:16:37.914" level="INFO">Typing text 'krishnakamakshi' into text field 'id:username'.</msg>
<status status="PASS" starttime="20220709 13:16:37.913" endtime="20220709 13:16:39.535"/>
</kw>
<kw name="Input Text" library="SeleniumLibrary">
<arg>id:password</arg>
<arg>1234567</arg>
<doc>Types the given ``text`` into the text field identified by ``locator``.</doc>
<msg timestamp="20220709 13:16:39.537" level="INFO">Typing text '1234567' into text field 'id:password'.</msg>
<status status="PASS" starttime="20220709 13:16:39.536" endtime="20220709 13:16:41.602"/>
</kw>
<kw name="Click Element" library="SeleniumLibrary">
<arg>css:input[value='user']</arg>
<doc>Click the element identified by ``locator``.</doc>
<msg timestamp="20220709 13:16:41.604" level="INFO">Clicking element 'css:input[value='user']'.</msg>
<status status="PASS" starttime="20220709 13:16:41.603" endtime="20220709 13:16:42.034"/>
</kw>
<kw name="Wait Until Element Is Visible" library="SeleniumLibrary">
<arg>css:.modal-body</arg>
<doc>Waits until the element ``locator`` is visible.</doc>
<status status="PASS" starttime="20220709 13:16:42.035" endtime="20220709 13:16:42.389"/>
</kw>
<kw name="Click Element" library="SeleniumLibrary">
<arg>okayBtn</arg>
<doc>Click the element identified by ``locator``.</doc>
<msg timestamp="20220709 13:16:42.394" level="INFO">Clicking element 'okayBtn'.</msg>
<status status="PASS" starttime="20220709 13:16:42.392" endtime="20220709 13:16:42.819"/>
</kw>
<kw name="Wait Until Element Is Not Visible" library="SeleniumLibrary">
<arg>css:.modal-body</arg>
<doc>Waits until the element ``locator`` is not visible.</doc>
<status status="PASS" starttime="20220709 13:16:42.820" endtime="20220709 13:16:43.507"/>
</kw>
<kw name="Select From List By Value" library="SeleniumLibrary">
<arg>css:select.form-control</arg>
<arg>teach</arg>
<doc>Selects options from selection list ``locator`` by ``values``.</doc>
<msg timestamp="20220709 13:16:43.511" level="INFO">Selecting options from selection list 'css:select.form-control' by value teach.</msg>
<status status="PASS" starttime="20220709 13:16:43.509" endtime="20220709 13:16:44.741"/>
</kw>
<kw name="Select Checkbox" library="SeleniumLibrary">
<arg>terms</arg>
<doc>Selects the checkbox identified by ``locator``.</doc>
<msg timestamp="20220709 13:16:44.743" level="INFO">Selecting checkbox 'terms'.</msg>
<status status="PASS" starttime="20220709 13:16:44.742" endtime="20220709 13:16:45.433"/>
</kw>
<kw name="Checkbox Should Be Selected" library="SeleniumLibrary">
<arg>terms</arg>
<doc>Verifies checkbox ``locator`` is selected/checked.</doc>
<msg timestamp="20220709 13:16:45.435" level="INFO">Verifying checkbox 'terms' is selected.</msg>
<status status="PASS" starttime="20220709 13:16:45.434" endtime="20220709 13:16:45.570"/>
</kw>
<status status="PASS" starttime="20220709 13:16:37.911" endtime="20220709 13:16:45.571"/>
</kw>
<status status="PASS" starttime="20220709 13:16:30.560" endtime="20220709 13:16:45.572"/>
</test>
<doc>To Validate the login form</doc>
<status status="PASS" starttime="20220709 13:15:45.138" endtime="20220709 13:16:45.577"/>
</suite>
<status status="PASS" starttime="20220709 13:15:45.102" endtime="20220709 13:16:45.583"/>
</suite>
<statistics>
<total>
<stat pass="3" fail="0" skip="0">All Tests</stat>
</total>
<tag>
</tag>
<suite>
<stat pass="3" fail="0" skip="0" id="s1" name="Tests">Tests</stat>
<stat pass="3" fail="0" skip="0" id="s1-s1" name="testDemo5">Tests.testDemo5</stat>
</suite>
</statistics>
<errors>
</errors>
</robot>
