<?xml version="1.0" encoding="UTF-8"?>
<robot generator="Robot 5.0.1 (Python 3.8.0 on win32)" generated="20220709 13:15:45.072" rpa="false" schemaversion="3">
<suite id="s1" name="Tests" source="D:\RobotFramework\Tests">
<suite id="s1-s1" name="testDemo2" source="D:\RobotFramework\Tests\testDemo2.robot">
<test id="s1-s1-t1" name="Validate invalid successful login into the application" line="17">
<kw name="Open the browser with the Payment URL" library="resource" type="SETUP">
<kw name="Create Webdriver" library="SeleniumLibrary">
<arg>Chrome</arg>
<arg>executable_path=D:/rbdrivers/chromedriver.exe</arg>
<doc>Creates an instance of Selenium WebDriver.</doc>
<msg timestamp="20220709 13:15:45.442" level="INFO">Creating an instance of the Chrome WebDriver.</msg>
<status status="PASS" starttime="20220709 13:15:45.441" endtime="20220709 13:15:48.682"/>
</kw>
<kw name="Go To" library="SeleniumLibrary">
<arg>https://rahulshettyacademy.com/loginpagePractise/</arg>
<doc>Navigates the current browser window to the provided ``url``.</doc>
<msg timestamp="20220709 13:15:48.685" level="INFO">Opening url 'https://rahulshettyacademy.com/loginpagePractise/'</msg>
<status status="PASS" starttime="20220709 13:15:48.683" endtime="20220709 13:15:52.564"/>
</kw>
<status status="PASS" starttime="20220709 13:15:45.438" endtime="20220709 13:15:52.565"/>
</kw>
<kw name="Fill the login form">
<arg>${user_name}</arg>
<arg>${password_invalid}</arg>
<kw name="Input Text" library="SeleniumLibrary">
<arg>id:username</arg>
<arg>${username}</arg>
<doc>Types the given ``text`` into the text field identified by ``locator``.</doc>
<msg timestamp="20220709 13:15:52.573" level="INFO">Typing text 'rahulshettyacademy' into text field 'id:username'.</msg>
<status status="PASS" starttime="20220709 13:15:52.570" endtime="20220709 13:15:57.051"/>
</kw>
<kw name="Input Text" library="SeleniumLibrary">
<arg>id:password</arg>
<arg>${password}</arg>
<doc>Types the given ``text`` into the text field identified by ``locator``.</doc>
<msg timestamp="20220709 13:15:57.058" level="INFO">Typing text '1234587' into text field 'id:password'.</msg>
<status status="PASS" starttime="20220709 13:15:57.053" endtime="20220709 13:15:59.950"/>
</kw>
<kw name="Click Button" library="SeleniumLibrary">
<arg>signInBtn</arg>
<doc>Clicks the button identified by ``locator``.</doc>
<msg timestamp="20220709 13:15:59.954" level="INFO">Clicking button 'signInBtn'.</msg>
<status status="PASS" starttime="20220709 13:15:59.951" endtime="20220709 13:16:03.042"/>
</kw>
<status status="PASS" starttime="20220709 13:15:52.566" endtime="20220709 13:16:03.043"/>
</kw>
<kw name="Wait for the error message is displayed">
<kw name="Wait Until Element Is Visible" library="SeleniumLibrary">
<arg>${error_message_login}</arg>
<doc>Waits until the element ``locator`` is visible.</doc>
<status status="PASS" starttime="20220709 13:16:03.046" endtime="20220709 13:16:05.013"/>
</kw>
<kw name="Get Text" library="SeleniumLibrary">
<var>${result}</var>
<arg>${error_message_login}</arg>
<doc>Returns the text value of the element identified by ``locator``.</doc>
<msg timestamp="20220709 13:16:05.603" level="INFO">${result} = Incorrect username/password.</msg>
<status status="PASS" starttime="20220709 13:16:05.014" endtime="20220709 13:16:05.603"/>
</kw>
<kw name="Should Be Equal As Strings" library="BuiltIn">
<arg>${result}</arg>
<arg>${message_login}</arg>
<doc>Fails if objects are unequal after converting them to strings.</doc>
<status status="PASS" starttime="20220709 13:16:05.604" endtime="20220709 13:16:05.607"/>
</kw>
<status status="PASS" starttime="20220709 13:16:03.044" endtime="20220709 13:16:05.608"/>
</kw>
<status status="PASS" starttime="20220709 13:15:45.436" endtime="20220709 13:16:05.609"/>
</test>
<test id="s1-s1-t2" name="Validate Cards display in the shopping Page" line="21">
<kw name="Open the browser with the Payment URL" library="resource" type="SETUP">
<kw name="Create Webdriver" library="SeleniumLibrary">
<arg>Chrome</arg>
<arg>executable_path=D:/rbdrivers/chromedriver.exe</arg>
<doc>Creates an instance of Selenium WebDriver.</doc>
<msg timestamp="20220709 13:16:05.622" level="INFO">Creating an instance of the Chrome WebDriver.</msg>
<status status="PASS" starttime="20220709 13:16:05.620" endtime="20220709 13:16:14.747"/>
</kw>
<kw name="Go To" library="SeleniumLibrary">
<arg>https://rahulshettyacademy.com/loginpagePractise/</arg>
<doc>Navigates the current browser window to the provided ``url``.</doc>
<msg timestamp="20220709 13:16:14.749" level="INFO">Opening url 'https://rahulshettyacademy.com/loginpagePractise/'</msg>
<status status="PASS" starttime="20220709 13:16:14.747" endtime="20220709 13:16:18.409"/>
</kw>
<status status="PASS" starttime="20220709 13:16:05.617" endtime="20220709 13:16:18.411"/>
</kw>
<kw name="Fill the login form">
<arg>${user_name}</arg>
<arg>${valid_password}</arg>
<kw name="Input Text" library="SeleniumLibrary">
<arg>id:username</arg>
<arg>${username}</arg>
<doc>Types the given ``text`` into the text field identified by ``locator``.</doc>
<msg timestamp="20220709 13:16:18.421" level="INFO">Typing text 'rahulshettyacademy' into text field 'id:username'.</msg>
<status status="PASS" starttime="20220709 13:16:18.419" endtime="20220709 13:16:23.676"/>
</kw>
<kw name="Input Text" library="SeleniumLibrary">
<arg>id:password</arg>
<arg>${password}</arg>
<doc>Types the given ``text`` into the text field identified by ``locator``.</doc>
<msg timestamp="20220709 13:16:23.679" level="INFO">Typing text 'learning' into text field 'id:password'.</msg>
<status status="PASS" starttime="20220709 13:16:23.677" endtime="20220709 13:16:25.011"/>
</kw>
<kw name="Click Button" library="SeleniumLibrary">
<arg>signInBtn</arg>
<doc>Clicks the button identified by ``locator``.</doc>
<msg timestamp="20220709 13:16:25.014" level="INFO">Clicking button 'signInBtn'.</msg>
<status status="PASS" starttime="20220709 13:16:25.012" endtime="20220709 13:16:25.557"/>
</kw>
<status status="PASS" starttime="20220709 13:16:18.412" endtime="20220709 13:16:25.558"/>
</kw>
<kw name="Wait for the checkout message is displayed">
<arg>${nav_tes}</arg>
<kw name="Wait Until Element Is Visible" library="SeleniumLibrary">
<arg>${nav_tes}</arg>
<doc>Waits until the element ``locator`` is visible.</doc>
<status status="PASS" starttime="20220709 13:16:25.566" endtime="20220709 13:16:30.552"/>
</kw>
<kw name="Get Text" library="SeleniumLibrary">
<var>${result}</var>
<arg>${nav_tes}</arg>
<doc>Returns the text value of the element identified by ``locator``.</doc>
<msg timestamp="20220709 13:16:30.742" level="INFO">${result} = Home</msg>
<status status="PASS" starttime="20220709 13:16:30.553" endtime="20220709 13:16:30.742"/>
</kw>
<status status="PASS" starttime="20220709 13:16:25.560" endtime="20220709 13:16:30.744"/>
</kw>
<kw name="Verify the card details present in the shopping page">
<kw name="Create List" library="BuiltIn">
<var>@{expected_list}</var>
<arg>iphone X</arg>
<arg>Samsung Note 8</arg>
<arg>Nokia Edge</arg>
<arg>Blackberry</arg>
<doc>Returns a list containing given items.</doc>
<msg timestamp="20220709 13:16:30.748" level="INFO">@{expected_list} = [ iphone X | Samsung Note 8 | Nokia Edge | Blackberry ]</msg>
<status status="PASS" starttime="20220709 13:16:30.746" endtime="20220709 13:16:30.748"/>
</kw>
<kw name="Get WebElements" library="SeleniumLibrary">
<var>${result}</var>
<arg>css:.card-title</arg>
<doc>Returns a list of WebElement objects matching the ``locator``.</doc>
<msg timestamp="20220709 13:16:30.789" level="INFO">${result} = [&lt;selenium.webdriver.remote.webelement.WebElement (session="aa9fcacb0aa1ba73e039575ca126f67e", element="daf82778-a576-401a-aa44-8f431ae0a4e4")&gt;, &lt;selenium.webdriver.remote.webelement.WebElement (sessi...</msg>
<status status="PASS" starttime="20220709 13:16:30.749" endtime="20220709 13:16:30.789"/>
</kw>
<kw name="Create List" library="BuiltIn">
<var>@{actual_list}</var>
<doc>Returns a list containing given items.</doc>
<msg timestamp="20220709 13:16:30.791" level="INFO">@{actual_list} = [ ]</msg>
<status status="PASS" starttime="20220709 13:16:30.790" endtime="20220709 13:16:30.792"/>
</kw>
<for flavor="IN">
<var>${element}</var>
<value>@{result}</value>
<iter>
<var name="${element}">&lt;selenium.webdriver.remote.webelement.WebElement (session="aa9fcacb0aa1ba73e039575ca126f67e", element="daf82778-a576-401a-aa44-8f431ae0a4e4")&gt;</var>
<kw name="Log" library="BuiltIn">
<arg>${element.text}</arg>
<doc>Logs the given message with the given level.</doc>
<msg timestamp="20220709 13:16:30.836" level="INFO">iphone X</msg>
<status status="PASS" starttime="20220709 13:16:30.795" endtime="20220709 13:16:30.837"/>
</kw>
<kw name="Append To List" library="Collections">
<arg>${actual_list}</arg>
<arg>${element.text}</arg>
<doc>Adds ``values`` to the end of ``list``.</doc>
<status status="PASS" starttime="20220709 13:16:30.837" endtime="20220709 13:16:30.863"/>
</kw>
<status status="PASS" starttime="20220709 13:16:30.793" endtime="20220709 13:16:30.863"/>
</iter>
<iter>
<var name="${element}">&lt;selenium.webdriver.remote.webelement.WebElement (session="aa9fcacb0aa1ba73e039575ca126f67e", element="94b50a06-2d28-4c44-b1f5-43bf2f19b7d9")&gt;</var>
<kw name="Log" library="BuiltIn">
<arg>${element.text}</arg>
<doc>Logs the given message with the given level.</doc>
<msg timestamp="20220709 13:16:30.908" level="INFO">Samsung Note 8</msg>
<status status="PASS" starttime="20220709 13:16:30.865" endtime="20220709 13:16:30.908"/>
</kw>
<kw name="Append To List" library="Collections">
<arg>${actual_list}</arg>
<arg>${element.text}</arg>
<doc>Adds ``values`` to the end of ``list``.</doc>
<status status="PASS" starttime="20220709 13:16:30.909" endtime="20220709 13:16:30.966"/>
</kw>
<status status="PASS" starttime="20220709 13:16:30.864" endtime="20220709 13:16:30.967"/>
</iter>
<iter>
<var name="${element}">&lt;selenium.webdriver.remote.webelement.WebElement (session="aa9fcacb0aa1ba73e039575ca126f67e", element="64430fe4-389c-4fc7-b8ed-2c3bd88e0238")&gt;</var>
<kw name="Log" library="BuiltIn">
<arg>${element.text}</arg>
<doc>Logs the given message with the given level.</doc>
<msg timestamp="20220709 13:16:31.008" level="INFO">Nokia Edge</msg>
<status status="PASS" starttime="20220709 13:16:30.968" endtime="20220709 13:16:31.008"/>
</kw>
<kw name="Append To List" library="Collections">
<arg>${actual_list}</arg>
<arg>${element.text}</arg>
<doc>Adds ``values`` to the end of ``list``.</doc>
<status status="PASS" starttime="20220709 13:16:31.009" endtime="20220709 13:16:31.034"/>
</kw>
<status status="PASS" starttime="20220709 13:16:30.967" endtime="20220709 13:16:31.034"/>
</iter>
<iter>
<var name="${element}">&lt;selenium.webdriver.remote.webelement.WebElement (session="aa9fcacb0aa1ba73e039575ca126f67e", element="3ef15131-ceb3-4895-8502-e0a7504fe86e")&gt;</var>
<kw name="Log" library="BuiltIn">
<arg>${element.text}</arg>
<doc>Logs the given message with the given level.</doc>
<msg timestamp="20220709 13:16:31.084" level="INFO">Blackberry</msg>
<status status="PASS" starttime="20220709 13:16:31.036" endtime="20220709 13:16:31.084"/>
</kw>
<kw name="Append To List" library="Collections">
<arg>${actual_list}</arg>
<arg>${element.text}</arg>
<doc>Adds ``values`` to the end of ``list``.</doc>
<status status="PASS" starttime="20220709 13:16:31.085" endtime="20220709 13:16:31.106"/>
</kw>
<status status="PASS" starttime="20220709 13:16:31.035" endtime="20220709 13:16:31.106"/>
</iter>
<status status="PASS" starttime="20220709 13:16:30.792" endtime="20220709 13:16:31.106"/>
</for>
<kw name="Log" library="BuiltIn">
<arg>${actual_list}</arg>
<doc>Logs the given message with the given level.</doc>
<msg timestamp="20220709 13:16:31.109" level="INFO">['iphone X', 'Samsung Note 8', 'Nokia Edge', 'Blackberry']</msg>
<status status="PASS" starttime="20220709 13:16:31.108" endtime="20220709 13:16:31.109"/>
</kw>
<kw name="List Should Contain Sub List" library="Collections">
<arg>${expected_list}</arg>
<arg>${actual_list}</arg>
<doc>Fails if not all of the elements in ``list2`` are found in ``list1``.</doc>
<status status="PASS" starttime="20220709 13:16:31.110" endtime="20220709 13:16:31.112"/>
</kw>
<status status="PASS" starttime="20220709 13:16:30.745" endtime="20220709 13:16:31.113"/>
</kw>
<kw name="Click on some card details on Shopping Page">
<arg>${cardName}</arg>
<kw name="Get WebElements" library="SeleniumLibrary">
<var>${result}</var>
<arg>css:.card-title</arg>
<doc>Returns a list of WebElement objects matching the ``locator``.</doc>
<msg timestamp="20220709 13:16:31.138" level="INFO">${result} = [&lt;selenium.webdriver.remote.webelement.WebElement (session="aa9fcacb0aa1ba73e039575ca126f67e", element="daf82778-a576-401a-aa44-8f431ae0a4e4")&gt;, &lt;selenium.webdriver.remote.webelement.WebElement (sessi...</msg>
<status status="PASS" starttime="20220709 13:16:31.115" endtime="20220709 13:16:31.138"/>
</kw>
<kw name="Set Variable" library="BuiltIn">
<var>${index}</var>
<arg>1</arg>
<doc>Returns the given values which can then be assigned to a variables.</doc>
<msg timestamp="20220709 13:16:31.140" level="INFO">${index} = 1</msg>
<status status="PASS" starttime="20220709 13:16:31.139" endtime="20220709 13:16:31.140"/>
</kw>
<for flavor="IN">
<var>${element}</var>
<value>@{result}</value>
<iter>
<var name="${element}">&lt;selenium.webdriver.remote.webelement.WebElement (session="aa9fcacb0aa1ba73e039575ca126f67e", element="daf82778-a576-401a-aa44-8f431ae0a4e4")&gt;</var>
<kw name="Exit For Loop If" library="BuiltIn">
<arg>'${card_name}' == '${element.text}'</arg>
<doc>Stops executing the enclosing FOR loop if the ``condition`` is true.</doc>
<status status="PASS" starttime="20220709 13:16:31.142" endtime="20220709 13:16:31.164"/>
</kw>
<kw name="Evaluate" library="BuiltIn">
<var>${index}</var>
<arg>${index}+1</arg>
<doc>Evaluates the given expression in Python and returns the result.</doc>
<msg timestamp="20220709 13:16:31.166" level="INFO">${index} = 2</msg>
<status status="PASS" starttime="20220709 13:16:31.165" endtime="20220709 13:16:31.166"/>
</kw>
<status status="PASS" starttime="20220709 13:16:31.142" endtime="20220709 13:16:31.167"/>
</iter>
<iter>
<var name="${element}">&lt;selenium.webdriver.remote.webelement.WebElement (session="aa9fcacb0aa1ba73e039575ca126f67e", element="94b50a06-2d28-4c44-b1f5-43bf2f19b7d9")&gt;</var>
<kw name="Exit For Loop If" library="BuiltIn">
<arg>'${card_name}' == '${element.text}'</arg>
<doc>Stops executing the enclosing FOR loop if the ``condition`` is true.</doc>
<status status="PASS" starttime="20220709 13:16:31.168" endtime="20220709 13:16:31.194"/>
</kw>
<kw name="Evaluate" library="BuiltIn">
<var>${index}</var>
<arg>${index}+1</arg>
<doc>Evaluates the given expression in Python and returns the result.</doc>
<msg timestamp="20220709 13:16:31.196" level="INFO">${index} = 3</msg>
<status status="PASS" starttime="20220709 13:16:31.194" endtime="20220709 13:16:31.196"/>
</kw>
<status status="PASS" starttime="20220709 13:16:31.167" endtime="20220709 13:16:31.196"/>
</iter>
<iter>
<var name="${element}">&lt;selenium.webdriver.remote.webelement.WebElement (session="aa9fcacb0aa1ba73e039575ca126f67e", element="64430fe4-389c-4fc7-b8ed-2c3bd88e0238")&gt;</var>
<kw name="Exit For Loop If" library="BuiltIn">
<arg>'${card_name}' == '${element.text}'</arg>
<doc>Stops executing the enclosing FOR loop if the ``condition`` is true.</doc>
<status status="PASS" starttime="20220709 13:16:31.198" endtime="20220709 13:16:31.225"/>
</kw>
<kw name="Evaluate" library="BuiltIn">
<var>${index}</var>
<arg>${index}+1</arg>
<doc>Evaluates the given expression in Python and returns the result.</doc>
<msg timestamp="20220709 13:16:31.226" level="INFO">${index} = 4</msg>
<status status="PASS" starttime="20220709 13:16:31.225" endtime="20220709 13:16:31.226"/>
</kw>
<status status="PASS" starttime="20220709 13:16:31.198" endtime="20220709 13:16:31.227"/>
</iter>
<iter>
<var name="${element}">&lt;selenium.webdriver.remote.webelement.WebElement (session="aa9fcacb0aa1ba73e039575ca126f67e", element="3ef15131-ceb3-4895-8502-e0a7504fe86e")&gt;</var>
<kw name="Exit For Loop If" library="BuiltIn">
<arg>'${card_name}' == '${element.text}'</arg>
<doc>Stops executing the enclosing FOR loop if the ``condition`` is true.</doc>
<msg timestamp="20220709 13:16:31.250" level="INFO">Exiting for loop altogether.</msg>
<status status="PASS" starttime="20220709 13:16:31.230" endtime="20220709 13:16:31.253"/>
</kw>
<kw name="Evaluate" library="BuiltIn">
<var>${index}</var>
<arg>${index}+1</arg>
<doc>Evaluates the given expression in Python and returns the result.</doc>
<status status="NOT RUN" starttime="20220709 13:16:31.253" endtime="20220709 13:16:31.255"/>
</kw>
<status status="PASS" starttime="20220709 13:16:31.228" endtime="20220709 13:16:31.255"/>
</iter>
<status status="PASS" starttime="20220709 13:16:31.141" endtime="20220709 13:16:31.255"/>
</for>
<kw name="Click Button" library="SeleniumLibrary">
<arg>xpath:(//*[@class='card-footer'])[${index}]/button</arg>
<doc>Clicks the button identified by ``locator``.</doc>
<msg timestamp="20220709 13:16:31.258" level="INFO">Clicking button 'xpath:(//*[@class='card-footer'])[4]/button'.</msg>
<status status="PASS" starttime="20220709 13:16:31.257" endtime="20220709 13:16:31.511"/>
</kw>
<status status="PASS" starttime="20220709 13:16:31.114" endtime="20220709 13:16:31.512"/>
</kw>
<status status="PASS" starttime="20220709 13:16:05.614" endtime="20220709 13:16:31.513"/>
</test>
<test id="s1-s1-t3" name="Navigate to the URl and navigate to child window" line="27">
<kw name="Open the browser with the Payment URL" library="resource" type="SETUP">
<kw name="Create Webdriver" library="SeleniumLibrary">
<arg>Chrome</arg>
<arg>executable_path=D:/rbdrivers/chromedriver.exe</arg>
<doc>Creates an instance of Selenium WebDriver.</doc>
<msg timestamp="20220709 13:16:31.520" level="INFO">Creating an instance of the Chrome WebDriver.</msg>
<status status="PASS" starttime="20220709 13:16:31.519" endtime="20220709 13:16:38.125"/>
</kw>
<kw name="Go To" library="SeleniumLibrary">
<arg>https://rahulshettyacademy.com/loginpagePractise/</arg>
<doc>Navigates the current browser window to the provided ``url``.</doc>
<msg timestamp="20220709 13:16:38.128" level="INFO">Opening url 'https://rahulshettyacademy.com/loginpagePractise/'</msg>
<status status="PASS" starttime="20220709 13:16:38.127" endtime="20220709 13:16:40.593"/>
</kw>
<status status="PASS" starttime="20220709 13:16:31.518" endtime="20220709 13:16:40.594"/>
</kw>
<kw name="Do fill the form with user selection type as &quot;User&quot; and click on the URl provided on the Page">
<kw name="Input Text" library="SeleniumLibrary">
<arg>id:username</arg>
<arg>krishnakamakshi</arg>
<doc>Types the given ``text`` into the text field identified by ``locator``.</doc>
<msg timestamp="20220709 13:16:40.598" level="INFO">Typing text 'krishnakamakshi' into text field 'id:username'.</msg>
<status status="PASS" starttime="20220709 13:16:40.596" endtime="20220709 13:16:41.649"/>
</kw>
<kw name="Input Text" library="SeleniumLibrary">
<arg>id:password</arg>
<arg>1234567</arg>
<doc>Types the given ``text`` into the text field identified by ``locator``.</doc>
<msg timestamp="20220709 13:16:41.651" level="INFO">Typing text '1234567' into text field 'id:password'.</msg>
<status status="PASS" starttime="20220709 13:16:41.649" endtime="20220709 13:16:42.573"/>
</kw>
<kw name="Click Element" library="SeleniumLibrary">
<arg>css:input[value='user']</arg>
<doc>Click the element identified by ``locator``.</doc>
<msg timestamp="20220709 13:16:42.577" level="INFO">Clicking element 'css:input[value='user']'.</msg>
<status status="PASS" starttime="20220709 13:16:42.576" endtime="20220709 13:16:43.946"/>
</kw>
<kw name="Wait Until Element Is Visible" library="SeleniumLibrary">
<arg>css:.modal-body</arg>
<doc>Waits until the element ``locator`` is visible.</doc>
<status status="PASS" starttime="20220709 13:16:43.948" endtime="20220709 13:16:44.187"/>
</kw>
<kw name="Click Element" library="SeleniumLibrary">
<arg>okayBtn</arg>
<doc>Click the element identified by ``locator``.</doc>
<msg timestamp="20220709 13:16:44.189" level="INFO">Clicking element 'okayBtn'.</msg>
<status status="PASS" starttime="20220709 13:16:44.188" endtime="20220709 13:16:44.621"/>
</kw>
<kw name="Wait Until Element Is Not Visible" library="SeleniumLibrary">
<arg>css:.modal-body</arg>
<doc>Waits until the element ``locator`` is not visible.</doc>
<status status="PASS" starttime="20220709 13:16:44.622" endtime="20220709 13:16:44.822"/>
</kw>
<kw name="Select From List By Value" library="SeleniumLibrary">
<arg>css:select.form-control</arg>
<arg>teach</arg>
<doc>Selects options from selection list ``locator`` by ``values``.</doc>
<msg timestamp="20220709 13:16:44.826" level="INFO">Selecting options from selection list 'css:select.form-control' by value teach.</msg>
<status status="PASS" starttime="20220709 13:16:44.825" endtime="20220709 13:16:45.399"/>
</kw>
<kw name="Select Checkbox" library="SeleniumLibrary">
<arg>terms</arg>
<doc>Selects the checkbox identified by ``locator``.</doc>
<msg timestamp="20220709 13:16:45.401" level="INFO">Selecting checkbox 'terms'.</msg>
<status status="PASS" starttime="20220709 13:16:45.400" endtime="20220709 13:16:45.919"/>
</kw>
<kw name="Checkbox Should Be Selected" library="SeleniumLibrary">
<arg>terms</arg>
<doc>Verifies checkbox ``locator`` is selected/checked.</doc>
<msg timestamp="20220709 13:16:45.921" level="INFO">Verifying checkbox 'terms' is selected.</msg>
<status status="PASS" starttime="20220709 13:16:45.920" endtime="20220709 13:16:46.281"/>
</kw>
<status status="PASS" starttime="20220709 13:16:40.595" endtime="20220709 13:16:46.282"/>
</kw>
<status status="PASS" starttime="20220709 13:16:31.515" endtime="20220709 13:16:46.283"/>
</test>
<doc>To Validate the login form</doc>
<status status="PASS" starttime="20220709 13:15:45.124" endtime="20220709 13:16:46.285"/>
</suite>
<status status="PASS" starttime="20220709 13:15:45.086" endtime="20220709 13:16:46.294"/>
</suite>
<statistics>
<total>
<stat pass="3" fail="0" skip="0">All Tests</stat>
</total>
<tag>
</tag>
<suite>
<stat pass="3" fail="0" skip="0" id="s1" name="Tests">Tests</stat>
<stat pass="3" fail="0" skip="0" id="s1-s1" name="testDemo2">Tests.testDemo2</stat>
</suite>
</statistics>
<errors>
</errors>
</robot>
