<?xml version="1.0" encoding="UTF-8"?>
<robot generator="Robot 5.0.1 (Python 3.8.0 on win32)" generated="20220709 13:15:45.076" rpa="false" schemaversion="3">
<suite id="s1" name="Tests" source="D:\RobotFramework\Tests">
<suite id="s1-s1" name="testDemo3" source="D:\RobotFramework\Tests\testDemo3.robot">
<test id="s1-s1-t1" name="Validate login with email ID from the hyperlink" line="21">
<kw name="Open the browser with the Payment URL" library="resource" type="SETUP">
<kw name="Create Webdriver" library="SeleniumLibrary">
<arg>Chrome</arg>
<arg>executable_path=D:/rbdrivers/chromedriver.exe</arg>
<doc>Creates an instance of Selenium WebDriver.</doc>
<msg timestamp="20220709 13:15:45.422" level="INFO">Creating an instance of the Chrome WebDriver.</msg>
<status status="PASS" starttime="20220709 13:15:45.421" endtime="20220709 13:15:47.021"/>
</kw>
<kw name="Go To" library="SeleniumLibrary">
<arg>https://rahulshettyacademy.com/loginpagePractise/</arg>
<doc>Navigates the current browser window to the provided ``url``.</doc>
<msg timestamp="20220709 13:15:47.022" level="INFO">Opening url 'https://rahulshettyacademy.com/loginpagePractise/'</msg>
<status status="PASS" starttime="20220709 13:15:47.022" endtime="20220709 13:15:51.919"/>
</kw>
<status status="PASS" starttime="20220709 13:15:45.420" endtime="20220709 13:15:51.920"/>
</kw>
<kw name="Select the link of Child Window">
<kw name="Click Element" library="SeleniumLibrary">
<arg>css:.blinkingText</arg>
<doc>Click the element identified by ``locator``.</doc>
<msg timestamp="20220709 13:15:51.924" level="INFO">Clicking element 'css:.blinkingText'.</msg>
<status status="PASS" starttime="20220709 13:15:51.922" endtime="20220709 13:16:01.719"/>
</kw>
<kw name="Sleep" library="BuiltIn">
<arg>5</arg>
<doc>Pauses the test executed for the given time.</doc>
<msg timestamp="20220709 13:16:06.734" level="INFO">Slept 5 seconds</msg>
<status status="PASS" starttime="20220709 13:16:01.725" endtime="20220709 13:16:06.746"/>
</kw>
<kw name="Switch Window" library="SeleniumLibrary">
<arg>NEW</arg>
<doc>Switches to browser window matching ``locator``.</doc>
<status status="PASS" starttime="20220709 13:16:06.750" endtime="20220709 13:16:06.871"/>
</kw>
<status status="PASS" starttime="20220709 13:15:51.921" endtime="20220709 13:16:06.872"/>
</kw>
<kw name="Verify if user is swtiched to child window">
<kw name="Element Text Should Be" library="SeleniumLibrary">
<arg>xpath=//h1[normalize-space()='Documents request']</arg>
<arg>DOCUMENTS REQUEST</arg>
<doc>Verifies that element ``locator`` contains exact the text ``expected``.</doc>
<msg timestamp="20220709 13:16:06.878" level="INFO">Verifying element 'xpath=//h1[normalize-space()='Documents request']' contains exact text 'DOCUMENTS REQUEST'.</msg>
<status status="PASS" starttime="20220709 13:16:06.876" endtime="20220709 13:16:43.432"/>
</kw>
<status status="PASS" starttime="20220709 13:16:06.873" endtime="20220709 13:16:43.433"/>
</kw>
<kw name="Grab the Email ID from the child window and grab the email ID">
<kw name="Get Text" library="SeleniumLibrary">
<var>${text}</var>
<arg>css:.red</arg>
<doc>Returns the text value of the element identified by ``locator``.</doc>
<msg timestamp="20220709 13:16:43.714" level="INFO">${text} = Please email us at mentor@rahulshettyacademy.com with below template to receive response</msg>
<status status="PASS" starttime="20220709 13:16:43.436" endtime="20220709 13:16:43.715"/>
</kw>
<kw name="Split String" library="String">
<var>@{words}</var>
<arg>${text}</arg>
<arg>at</arg>
<doc>Splits the ``string`` using ``separator`` as a delimiter string.</doc>
<msg timestamp="20220709 13:16:43.717" level="INFO">@{words} = [ Please email us  |  mentor@rahulshettyacademy.com with below templ | e to receive response ]</msg>
<status status="PASS" starttime="20220709 13:16:43.716" endtime="20220709 13:16:43.717"/>
</kw>
<kw name="Get From List" library="Collections">
<var>${text_split}</var>
<arg>${words}</arg>
<arg>1</arg>
<doc>Returns the value specified with an ``index`` from ``list``.</doc>
<msg timestamp="20220709 13:16:43.720" level="INFO">${text_split} =  mentor@rahulshettyacademy.com with below templ</msg>
<status status="PASS" starttime="20220709 13:16:43.718" endtime="20220709 13:16:43.721"/>
</kw>
<kw name="Split String" library="String">
<var>@{words_email}</var>
<arg>${text_split}</arg>
<arg>with</arg>
<doc>Splits the ``string`` using ``separator`` as a delimiter string.</doc>
<msg timestamp="20220709 13:16:43.726" level="INFO">@{words_email} = [  mentor@rahulshettyacademy.com  |  below templ ]</msg>
<status status="PASS" starttime="20220709 13:16:43.721" endtime="20220709 13:16:43.726"/>
</kw>
<kw name="Get From List" library="Collections">
<var>${email_id}</var>
<arg>${words_email}</arg>
<arg>0</arg>
<doc>Returns the value specified with an ``index`` from ``list``.</doc>
<msg timestamp="20220709 13:16:43.729" level="INFO">${email_id} =  mentor@rahulshettyacademy.com </msg>
<status status="PASS" starttime="20220709 13:16:43.728" endtime="20220709 13:16:43.729"/>
</kw>
<kw name="Set Global Variable" library="BuiltIn">
<arg>${email_id}</arg>
<doc>Makes a variable available globally in all tests and suites.</doc>
<msg timestamp="20220709 13:16:43.732" level="INFO">${email_id} =  mentor@rahulshettyacademy.com </msg>
<status status="PASS" starttime="20220709 13:16:43.730" endtime="20220709 13:16:43.732"/>
</kw>
<status status="PASS" starttime="20220709 13:16:43.434" endtime="20220709 13:16:43.733"/>
</kw>
<kw name="Fill the form on Parent window">
<kw name="Switch Window" library="SeleniumLibrary">
<arg>MAIN</arg>
<doc>Switches to browser window matching ``locator``.</doc>
<status status="PASS" starttime="20220709 13:16:43.736" endtime="20220709 13:16:43.854"/>
</kw>
<kw name="Sleep" library="BuiltIn">
<arg>5</arg>
<doc>Pauses the test executed for the given time.</doc>
<msg timestamp="20220709 13:16:48.870" level="INFO">Slept 5 seconds</msg>
<status status="PASS" starttime="20220709 13:16:43.855" endtime="20220709 13:16:48.871"/>
</kw>
<kw name="Input Text" library="SeleniumLibrary">
<arg>id:username</arg>
<arg>${email_id}</arg>
<doc>Types the given ``text`` into the text field identified by ``locator``.</doc>
<msg timestamp="20220709 13:16:48.878" level="INFO">Typing text ' mentor@rahulshettyacademy.com ' into text field 'id:username'.</msg>
<status status="PASS" starttime="20220709 13:16:48.876" endtime="20220709 13:16:50.416"/>
</kw>
<status status="PASS" starttime="20220709 13:16:43.734" endtime="20220709 13:16:50.417"/>
</kw>
<kw name="Close Browser Session" library="resource" type="TEARDOWN">
<kw name="Close Browser" library="SeleniumLibrary">
<doc>Closes the current browser.</doc>
<status status="PASS" starttime="20220709 13:16:50.420" endtime="20220709 13:16:56.815"/>
</kw>
<status status="PASS" starttime="20220709 13:16:50.418" endtime="20220709 13:16:56.815"/>
</kw>
<status status="PASS" starttime="20220709 13:15:45.419" endtime="20220709 13:16:56.816"/>
</test>
<doc>To Validate the login form</doc>
<status status="PASS" starttime="20220709 13:15:45.125" endtime="20220709 13:16:56.820"/>
</suite>
<status status="PASS" starttime="20220709 13:15:45.088" endtime="20220709 13:16:56.825"/>
</suite>
<statistics>
<total>
<stat pass="1" fail="0" skip="0">All Tests</stat>
</total>
<tag>
</tag>
<suite>
<stat pass="1" fail="0" skip="0" id="s1" name="Tests">Tests</stat>
<stat pass="1" fail="0" skip="0" id="s1-s1" name="testDemo3">Tests.testDemo3</stat>
</suite>
</statistics>
<errors>
</errors>
</robot>
