<?xml version="1.0" encoding="UTF-8"?>
<robot generator="Robot 5.0.1 (Python 3.8.0 on win32)" generated="20220709 13:15:45.078" rpa="false" schemaversion="3">
<suite id="s1" name="Tests" source="D:\RobotFramework\Tests">
<suite id="s1-s1" name="testDemo6" source="D:\RobotFramework\Tests\testDemo6.robot">
<test id="s1-s1-t1" name="Validate invalid successful login into the application" line="21">
<kw name="Open the browser with the Payment URL" library="resource" type="SETUP">
<kw name="Create Webdriver" library="SeleniumLibrary">
<arg>Chrome</arg>
<arg>executable_path=D:/rbdrivers/chromedriver.exe</arg>
<doc>Creates an instance of Selenium WebDriver.</doc>
<msg timestamp="20220709 13:15:45.431" level="INFO">Creating an instance of the Chrome WebDriver.</msg>
<status status="PASS" starttime="20220709 13:15:45.431" endtime="20220709 13:15:47.893"/>
</kw>
<kw name="Go To" library="SeleniumLibrary">
<arg>https://rahulshettyacademy.com/loginpagePractise/</arg>
<doc>Navigates the current browser window to the provided ``url``.</doc>
<msg timestamp="20220709 13:15:47.895" level="INFO">Opening url 'https://rahulshettyacademy.com/loginpagePractise/'</msg>
<status status="PASS" starttime="20220709 13:15:47.893" endtime="20220709 13:15:51.937"/>
</kw>
<status status="PASS" starttime="20220709 13:15:45.430" endtime="20220709 13:15:51.938"/>
</kw>
<kw name="Fill the login form" library="LandingPage">
<arg>${user_name}</arg>
<arg>${password_invalid}</arg>
<kw name="Input Text" library="SeleniumLibrary">
<arg>id:username</arg>
<arg>${username}</arg>
<doc>Types the given ``text`` into the text field identified by ``locator``.</doc>
<msg timestamp="20220709 13:15:51.944" level="INFO">Typing text 'rahulshettyacademy' into text field 'id:username'.</msg>
<status status="PASS" starttime="20220709 13:15:51.942" endtime="20220709 13:15:56.965"/>
</kw>
<kw name="Input Text" library="SeleniumLibrary">
<arg>id:password</arg>
<arg>${password}</arg>
<doc>Types the given ``text`` into the text field identified by ``locator``.</doc>
<msg timestamp="20220709 13:15:56.969" level="INFO">Typing text '1234587' into text field 'id:password'.</msg>
<status status="PASS" starttime="20220709 13:15:56.966" endtime="20220709 13:15:58.284"/>
</kw>
<kw name="Click Button" library="SeleniumLibrary">
<arg>signInBtn</arg>
<doc>Clicks the button identified by ``locator``.</doc>
<msg timestamp="20220709 13:15:58.290" level="INFO">Clicking button 'signInBtn'.</msg>
<status status="PASS" starttime="20220709 13:15:58.285" endtime="20220709 13:15:59.900"/>
</kw>
<status status="PASS" starttime="20220709 13:15:51.939" endtime="20220709 13:15:59.902"/>
</kw>
<kw name="Wait for the error message is displayed">
<kw name="Wait Until Element Is Visible" library="SeleniumLibrary">
<arg>${error_message_login}</arg>
<doc>Waits until the element ``locator`` is visible.</doc>
<status status="PASS" starttime="20220709 13:15:59.910" endtime="20220709 13:16:02.312"/>
</kw>
<kw name="Get Text" library="SeleniumLibrary">
<var>${result}</var>
<arg>${error_message_login}</arg>
<doc>Returns the text value of the element identified by ``locator``.</doc>
<msg timestamp="20220709 13:16:02.936" level="INFO">${result} = Incorrect username/password.</msg>
<status status="PASS" starttime="20220709 13:16:02.313" endtime="20220709 13:16:02.936"/>
</kw>
<kw name="Should Be Equal As Strings" library="BuiltIn">
<arg>${result}</arg>
<arg>${message_login}</arg>
<doc>Fails if objects are unequal after converting them to strings.</doc>
<status status="PASS" starttime="20220709 13:16:02.937" endtime="20220709 13:16:02.939"/>
</kw>
<status status="PASS" starttime="20220709 13:15:59.903" endtime="20220709 13:16:02.941"/>
</kw>
<status status="PASS" starttime="20220709 13:15:45.428" endtime="20220709 13:16:02.942"/>
</test>
<test id="s1-s1-t2" name="Validate Cards display in the shopping Page" line="25">
<kw name="Open the browser with the Payment URL" library="resource" type="SETUP">
<kw name="Create Webdriver" library="SeleniumLibrary">
<arg>Chrome</arg>
<arg>executable_path=D:/rbdrivers/chromedriver.exe</arg>
<doc>Creates an instance of Selenium WebDriver.</doc>
<msg timestamp="20220709 13:16:02.952" level="INFO">Creating an instance of the Chrome WebDriver.</msg>
<status status="PASS" starttime="20220709 13:16:02.950" endtime="20220709 13:16:14.735"/>
</kw>
<kw name="Go To" library="SeleniumLibrary">
<arg>https://rahulshettyacademy.com/loginpagePractise/</arg>
<doc>Navigates the current browser window to the provided ``url``.</doc>
<msg timestamp="20220709 13:16:14.739" level="INFO">Opening url 'https://rahulshettyacademy.com/loginpagePractise/'</msg>
<status status="PASS" starttime="20220709 13:16:14.737" endtime="20220709 13:16:18.009"/>
</kw>
<status status="PASS" starttime="20220709 13:16:02.948" endtime="20220709 13:16:18.010"/>
</kw>
<kw name="Fill the login form" library="LandingPage">
<arg>${user_name}</arg>
<arg>${valid_password}</arg>
<kw name="Input Text" library="SeleniumLibrary">
<arg>id:username</arg>
<arg>${username}</arg>
<doc>Types the given ``text`` into the text field identified by ``locator``.</doc>
<msg timestamp="20220709 13:16:18.017" level="INFO">Typing text 'rahulshettyacademy' into text field 'id:username'.</msg>
<status status="PASS" starttime="20220709 13:16:18.014" endtime="20220709 13:16:20.627"/>
</kw>
<kw name="Input Text" library="SeleniumLibrary">
<arg>id:password</arg>
<arg>${password}</arg>
<doc>Types the given ``text`` into the text field identified by ``locator``.</doc>
<msg timestamp="20220709 13:16:20.634" level="INFO">Typing text 'learning' into text field 'id:password'.</msg>
<status status="PASS" starttime="20220709 13:16:20.629" endtime="20220709 13:16:23.152"/>
</kw>
<kw name="Click Button" library="SeleniumLibrary">
<arg>signInBtn</arg>
<doc>Clicks the button identified by ``locator``.</doc>
<msg timestamp="20220709 13:16:23.155" level="INFO">Clicking button 'signInBtn'.</msg>
<status status="PASS" starttime="20220709 13:16:23.153" endtime="20220709 13:16:24.711"/>
</kw>
<status status="PASS" starttime="20220709 13:16:18.011" endtime="20220709 13:16:24.713"/>
</kw>
<kw name="Wait for the checkout message is displayed">
<arg>${nav_tes}</arg>
<kw name="Wait Until Element Is Visible" library="SeleniumLibrary">
<arg>${nav_tes}</arg>
<doc>Waits until the element ``locator`` is visible.</doc>
<status status="PASS" starttime="20220709 13:16:24.720" endtime="20220709 13:16:29.886"/>
</kw>
<kw name="Get Text" library="SeleniumLibrary">
<var>${result}</var>
<arg>${nav_tes}</arg>
<doc>Returns the text value of the element identified by ``locator``.</doc>
<msg timestamp="20220709 13:16:29.952" level="INFO">${result} = Home</msg>
<status status="PASS" starttime="20220709 13:16:29.888" endtime="20220709 13:16:29.953"/>
</kw>
<status status="PASS" starttime="20220709 13:16:24.716" endtime="20220709 13:16:29.954"/>
</kw>
<kw name="Verify the card details present in the shopping page">
<kw name="Create List" library="BuiltIn">
<var>@{expected_list}</var>
<arg>iphone X</arg>
<arg>Samsung Note 8</arg>
<arg>Nokia Edge</arg>
<arg>Blackberry</arg>
<doc>Returns a list containing given items.</doc>
<msg timestamp="20220709 13:16:29.958" level="INFO">@{expected_list} = [ iphone X | Samsung Note 8 | Nokia Edge | Blackberry ]</msg>
<status status="PASS" starttime="20220709 13:16:29.956" endtime="20220709 13:16:29.958"/>
</kw>
<kw name="Get WebElements" library="SeleniumLibrary">
<var>${result}</var>
<arg>css:.card-title</arg>
<doc>Returns a list of WebElement objects matching the ``locator``.</doc>
<msg timestamp="20220709 13:16:30.002" level="INFO">${result} = [&lt;selenium.webdriver.remote.webelement.WebElement (session="31d4bf3cd95518b99c3a4d4d7b1751a6", element="c7922438-a6ce-4fa2-82c4-55b8d8c7dafb")&gt;, &lt;selenium.webdriver.remote.webelement.WebElement (sessi...</msg>
<status status="PASS" starttime="20220709 13:16:29.959" endtime="20220709 13:16:30.003"/>
</kw>
<kw name="Create List" library="BuiltIn">
<var>@{actual_list}</var>
<doc>Returns a list containing given items.</doc>
<msg timestamp="20220709 13:16:30.005" level="INFO">@{actual_list} = [ ]</msg>
<status status="PASS" starttime="20220709 13:16:30.003" endtime="20220709 13:16:30.005"/>
</kw>
<for flavor="IN">
<var>${element}</var>
<value>@{result}</value>
<iter>
<var name="${element}">&lt;selenium.webdriver.remote.webelement.WebElement (session="31d4bf3cd95518b99c3a4d4d7b1751a6", element="c7922438-a6ce-4fa2-82c4-55b8d8c7dafb")&gt;</var>
<kw name="Log" library="BuiltIn">
<arg>${element.text}</arg>
<doc>Logs the given message with the given level.</doc>
<msg timestamp="20220709 13:16:30.068" level="INFO">iphone X</msg>
<status status="PASS" starttime="20220709 13:16:30.007" endtime="20220709 13:16:30.068"/>
</kw>
<kw name="Append To List" library="Collections">
<arg>${actual_list}</arg>
<arg>${element.text}</arg>
<doc>Adds ``values`` to the end of ``list``.</doc>
<status status="PASS" starttime="20220709 13:16:30.069" endtime="20220709 13:16:30.103"/>
</kw>
<status status="PASS" starttime="20220709 13:16:30.007" endtime="20220709 13:16:30.104"/>
</iter>
<iter>
<var name="${element}">&lt;selenium.webdriver.remote.webelement.WebElement (session="31d4bf3cd95518b99c3a4d4d7b1751a6", element="72c2f25a-33b6-4016-8177-d7dd7037e776")&gt;</var>
<kw name="Log" library="BuiltIn">
<arg>${element.text}</arg>
<doc>Logs the given message with the given level.</doc>
<msg timestamp="20220709 13:16:30.170" level="INFO">Samsung Note 8</msg>
<status status="PASS" starttime="20220709 13:16:30.106" endtime="20220709 13:16:30.171"/>
</kw>
<kw name="Append To List" library="Collections">
<arg>${actual_list}</arg>
<arg>${element.text}</arg>
<doc>Adds ``values`` to the end of ``list``.</doc>
<status status="PASS" starttime="20220709 13:16:30.171" endtime="20220709 13:16:30.250"/>
</kw>
<status status="PASS" starttime="20220709 13:16:30.104" endtime="20220709 13:16:30.250"/>
</iter>
<iter>
<var name="${element}">&lt;selenium.webdriver.remote.webelement.WebElement (session="31d4bf3cd95518b99c3a4d4d7b1751a6", element="b065bf9c-2f90-4d28-8a22-2742705e8ccc")&gt;</var>
<kw name="Log" library="BuiltIn">
<arg>${element.text}</arg>
<doc>Logs the given message with the given level.</doc>
<msg timestamp="20220709 13:16:30.342" level="INFO">Nokia Edge</msg>
<status status="PASS" starttime="20220709 13:16:30.252" endtime="20220709 13:16:30.342"/>
</kw>
<kw name="Append To List" library="Collections">
<arg>${actual_list}</arg>
<arg>${element.text}</arg>
<doc>Adds ``values`` to the end of ``list``.</doc>
<status status="PASS" starttime="20220709 13:16:30.343" endtime="20220709 13:16:30.383"/>
</kw>
<status status="PASS" starttime="20220709 13:16:30.251" endtime="20220709 13:16:30.383"/>
</iter>
<iter>
<var name="${element}">&lt;selenium.webdriver.remote.webelement.WebElement (session="31d4bf3cd95518b99c3a4d4d7b1751a6", element="24c0f5ed-72f9-48bf-b506-bc2db3f07eb4")&gt;</var>
<kw name="Log" library="BuiltIn">
<arg>${element.text}</arg>
<doc>Logs the given message with the given level.</doc>
<msg timestamp="20220709 13:16:30.444" level="INFO">Blackberry</msg>
<status status="PASS" starttime="20220709 13:16:30.385" endtime="20220709 13:16:30.445"/>
</kw>
<kw name="Append To List" library="Collections">
<arg>${actual_list}</arg>
<arg>${element.text}</arg>
<doc>Adds ``values`` to the end of ``list``.</doc>
<status status="PASS" starttime="20220709 13:16:30.446" endtime="20220709 13:16:30.471"/>
</kw>
<status status="PASS" starttime="20220709 13:16:30.384" endtime="20220709 13:16:30.471"/>
</iter>
<status status="PASS" starttime="20220709 13:16:30.006" endtime="20220709 13:16:30.471"/>
</for>
<kw name="Log" library="BuiltIn">
<arg>${actual_list}</arg>
<doc>Logs the given message with the given level.</doc>
<msg timestamp="20220709 13:16:30.473" level="INFO">['iphone X', 'Samsung Note 8', 'Nokia Edge', 'Blackberry']</msg>
<status status="PASS" starttime="20220709 13:16:30.473" endtime="20220709 13:16:30.474"/>
</kw>
<kw name="List Should Contain Sub List" library="Collections">
<arg>${expected_list}</arg>
<arg>${actual_list}</arg>
<doc>Fails if not all of the elements in ``list2`` are found in ``list1``.</doc>
<status status="PASS" starttime="20220709 13:16:30.475" endtime="20220709 13:16:30.476"/>
</kw>
<status status="PASS" starttime="20220709 13:16:29.954" endtime="20220709 13:16:30.477"/>
</kw>
<kw name="Click on some card details on Shopping Page">
<arg>${productList}</arg>
<kw name="Items To Be Added" library="Test">
<arg>${productList}</arg>
<msg timestamp="20220709 13:16:30.707" level="INFO">Clicking button 'xpath:(//*[@class='card-footer'])[3]/button'.</msg>
<msg timestamp="20220709 13:16:30.982" level="INFO">Clicking button 'xpath:(//*[@class='card-footer'])[4]/button'.</msg>
<status status="PASS" starttime="20220709 13:16:30.479" endtime="20220709 13:16:31.186"/>
</kw>
<status status="PASS" starttime="20220709 13:16:30.477" endtime="20220709 13:16:31.187"/>
</kw>
<status status="PASS" starttime="20220709 13:16:02.945" endtime="20220709 13:16:31.188"/>
</test>
<test id="s1-s1-t3" name="Navigate to the URl and navigate to child window" line="31">
<kw name="Open the browser with the Payment URL" library="resource" type="SETUP">
<kw name="Create Webdriver" library="SeleniumLibrary">
<arg>Chrome</arg>
<arg>executable_path=D:/rbdrivers/chromedriver.exe</arg>
<doc>Creates an instance of Selenium WebDriver.</doc>
<msg timestamp="20220709 13:16:31.196" level="INFO">Creating an instance of the Chrome WebDriver.</msg>
<status status="PASS" starttime="20220709 13:16:31.194" endtime="20220709 13:16:37.357"/>
</kw>
<kw name="Go To" library="SeleniumLibrary">
<arg>https://rahulshettyacademy.com/loginpagePractise/</arg>
<doc>Navigates the current browser window to the provided ``url``.</doc>
<msg timestamp="20220709 13:16:37.362" level="INFO">Opening url 'https://rahulshettyacademy.com/loginpagePractise/'</msg>
<status status="PASS" starttime="20220709 13:16:37.359" endtime="20220709 13:16:41.172"/>
</kw>
<status status="PASS" starttime="20220709 13:16:31.192" endtime="20220709 13:16:41.173"/>
</kw>
<kw name="Do fill the form with user selection type as &quot;User&quot; and click on the URl provided on the Page">
<kw name="Input Text" library="SeleniumLibrary">
<arg>id:username</arg>
<arg>krishnakamakshi</arg>
<doc>Types the given ``text`` into the text field identified by ``locator``.</doc>
<msg timestamp="20220709 13:16:41.179" level="INFO">Typing text 'krishnakamakshi' into text field 'id:username'.</msg>
<status status="PASS" starttime="20220709 13:16:41.178" endtime="20220709 13:16:44.032"/>
</kw>
<kw name="Input Text" library="SeleniumLibrary">
<arg>id:password</arg>
<arg>1234567</arg>
<doc>Types the given ``text`` into the text field identified by ``locator``.</doc>
<msg timestamp="20220709 13:16:44.035" level="INFO">Typing text '1234567' into text field 'id:password'.</msg>
<status status="PASS" starttime="20220709 13:16:44.033" endtime="20220709 13:16:45.458"/>
</kw>
<kw name="Click Element" library="SeleniumLibrary">
<arg>css:input[value='user']</arg>
<doc>Click the element identified by ``locator``.</doc>
<msg timestamp="20220709 13:16:45.460" level="INFO">Clicking element 'css:input[value='user']'.</msg>
<status status="PASS" starttime="20220709 13:16:45.460" endtime="20220709 13:16:46.513"/>
</kw>
<kw name="Wait Until Element Is Visible" library="SeleniumLibrary">
<arg>css:.modal-body</arg>
<doc>Waits until the element ``locator`` is visible.</doc>
<status status="PASS" starttime="20220709 13:16:46.515" endtime="20220709 13:16:47.544"/>
</kw>
<kw name="Click Element" library="SeleniumLibrary">
<arg>okayBtn</arg>
<doc>Click the element identified by ``locator``.</doc>
<msg timestamp="20220709 13:16:47.546" level="INFO">Clicking element 'okayBtn'.</msg>
<status status="PASS" starttime="20220709 13:16:47.545" endtime="20220709 13:16:48.052"/>
</kw>
<kw name="Wait Until Element Is Not Visible" library="SeleniumLibrary">
<arg>css:.modal-body</arg>
<doc>Waits until the element ``locator`` is not visible.</doc>
<status status="PASS" starttime="20220709 13:16:48.053" endtime="20220709 13:16:48.386"/>
</kw>
<kw name="Select From List By Value" library="SeleniumLibrary">
<arg>css:select.form-control</arg>
<arg>teach</arg>
<doc>Selects options from selection list ``locator`` by ``values``.</doc>
<msg timestamp="20220709 13:16:48.390" level="INFO">Selecting options from selection list 'css:select.form-control' by value teach.</msg>
<status status="PASS" starttime="20220709 13:16:48.387" endtime="20220709 13:16:48.715"/>
</kw>
<kw name="Select Checkbox" library="SeleniumLibrary">
<arg>terms</arg>
<doc>Selects the checkbox identified by ``locator``.</doc>
<msg timestamp="20220709 13:16:48.717" level="INFO">Selecting checkbox 'terms'.</msg>
<status status="PASS" starttime="20220709 13:16:48.716" endtime="20220709 13:16:49.029"/>
</kw>
<kw name="Checkbox Should Be Selected" library="SeleniumLibrary">
<arg>terms</arg>
<doc>Verifies checkbox ``locator`` is selected/checked.</doc>
<msg timestamp="20220709 13:16:49.031" level="INFO">Verifying checkbox 'terms' is selected.</msg>
<status status="PASS" starttime="20220709 13:16:49.030" endtime="20220709 13:16:49.199"/>
</kw>
<status status="PASS" starttime="20220709 13:16:41.173" endtime="20220709 13:16:49.200"/>
</kw>
<status status="PASS" starttime="20220709 13:16:31.190" endtime="20220709 13:16:49.202"/>
</test>
<doc>To Validate the login form</doc>
<status status="PASS" starttime="20220709 13:15:45.130" endtime="20220709 13:16:49.207"/>
</suite>
<status status="PASS" starttime="20220709 13:15:45.089" endtime="20220709 13:16:49.213"/>
</suite>
<statistics>
<total>
<stat pass="3" fail="0" skip="0">All Tests</stat>
</total>
<tag>
</tag>
<suite>
<stat pass="3" fail="0" skip="0" id="s1" name="Tests">Tests</stat>
<stat pass="3" fail="0" skip="0" id="s1-s1" name="testDemo6">Tests.testDemo6</stat>
</suite>
</statistics>
<errors>
</errors>
</robot>
